c:\users\aissa\documents\visual studio 2013\PROJECTS\PFE_PROJECT\SOURCE_CODE\debug\vc120.pdb
c:\users\aissa\documents\visual studio 2013\PROJECTS\PFE_PROJECT\SOURCE_CODE\debug\moc_mainwindow.obj
c:\users\aissa\documents\visual studio 2013\PROJECTS\PFE_PROJECT\SOURCE_CODE\debug\mainwindow.obj
c:\users\aissa\documents\visual studio 2013\PROJECTS\PFE_PROJECT\SOURCE_CODE\debug\main.obj
c:\users\aissa\documents\visual studio 2013\PROJECTS\PFE_PROJECT\SOURCE_CODE\debug\moc_mainwindow.cpp
c:\users\aissa\documents\visual studio 2013\PROJECTS\PFE_PROJECT\SOURCE_CODE\ui_mainwindow.h
c:\users\aissa\documents\visual studio 2013\PROJECTS\PFE_PROJECT\SOURCE_CODE\debug\featurepointscomparison.ilk
c:\users\aissa\documents\visual studio 2013\PROJECTS\PFE_PROJECT\SOURCE_CODE\debug\featurepointscomparison.exe
c:\users\aissa\documents\visual studio 2013\PROJECTS\PFE_PROJECT\SOURCE_CODE\debug\featurepointscomparison.pdb
c:\users\aissa\documents\visual studio 2013\PROJECTS\PFE_PROJECT\SOURCE_CODE\debug\featurepointscomparison_resource.res
c:\users\aissa\documents\visual studio 2013\PROJECTS\PFE_PROJECT\SOURCE_CODE\debug\featurep.78e45053.tlog\cl.command.1.tlog
c:\users\aissa\documents\visual studio 2013\PROJECTS\PFE_PROJECT\SOURCE_CODE\debug\featurep.78e45053.tlog\cl.read.1.tlog
c:\users\aissa\documents\visual studio 2013\PROJECTS\PFE_PROJECT\SOURCE_CODE\debug\featurep.78e45053.tlog\cl.write.1.tlog
c:\users\aissa\documents\visual studio 2013\PROJECTS\PFE_PROJECT\SOURCE_CODE\debug\featurep.78e45053.tlog\custombuild.command.1.tlog
c:\users\aissa\documents\visual studio 2013\PROJECTS\PFE_PROJECT\SOURCE_CODE\debug\featurep.78e45053.tlog\custombuild.read.1.tlog
c:\users\aissa\documents\visual studio 2013\PROJECTS\PFE_PROJECT\SOURCE_CODE\debug\featurep.78e45053.tlog\custombuild.write.1.tlog
c:\users\aissa\documents\visual studio 2013\PROJECTS\PFE_PROJECT\SOURCE_CODE\debug\featurep.78e45053.tlog\link.command.1.tlog
c:\users\aissa\documents\visual studio 2013\PROJECTS\PFE_PROJECT\SOURCE_CODE\debug\featurep.78e45053.tlog\link.read.1.tlog
c:\users\aissa\documents\visual studio 2013\PROJECTS\PFE_PROJECT\SOURCE_CODE\debug\featurep.78e45053.tlog\link.write.1.tlog
c:\users\aissa\documents\visual studio 2013\PROJECTS\PFE_PROJECT\SOURCE_CODE\debug\featurep.78e45053.tlog\rc.command.1.tlog
c:\users\aissa\documents\visual studio 2013\PROJECTS\PFE_PROJECT\SOURCE_CODE\debug\featurep.78e45053.tlog\rc.read.1.tlog
c:\users\aissa\documents\visual studio 2013\PROJECTS\PFE_PROJECT\SOURCE_CODE\debug\featurep.78e45053.tlog\rc.write.1.tlog
